<?xml version="1.0" encoding="UTF-8"?>
<testsuite name="Regression Test"
           tests="7"
           failures="0"
           errors="0"
           skipped="0"
           time="299.967">
  <properties />
  
  
            <testcase name="verifyJobSearchResultUsingDifferentDataSet" time="40.546" classname="uk.co.library.testsuite.JobSearchTest" />
                <testcase name="verifyJobSearchResultUsingDifferentDataSet" time="41.715" classname="uk.co.library.testsuite.JobSearchTest" />
                <testcase name="verifyJobSearchResultUsingDifferentDataSet" time="54.910" classname="uk.co.library.testsuite.JobSearchTest" />
                <testcase name="verifyJobSearchResultUsingDifferentDataSet" time="43.207" classname="uk.co.library.testsuite.JobSearchTest" />
                <testcase name="verifyJobSearchResultUsingDifferentDataSet" time="39.692" classname="uk.co.library.testsuite.JobSearchTest" />
                <testcase name="verifyJobSearchResultUsingDifferentDataSet" time="41.290" classname="uk.co.library.testsuite.JobSearchTest" />
                <testcase name="verifyJobSearchResultUsingDifferentDataSet" time="38.607" classname="uk.co.library.testsuite.JobSearchTest" />
      
</testsuite>
